<?xml version="1.0" encoding="UTF-8"?>
<!-- Generated by org.testng.reporters.JUnitXMLReporter -->
<testsuite ignored="1" hostname="LAPTOP-92M9DVP7" failures="0" tests="2" name="Default test" time="11.664" errors="0" timestamp="2025-03-27T18:36:33 IST">
  <testcase classname="mayankaggarwal.Test1" name="Test1" time="2.77"/>
  <testcase classname="mayankaggarwal.Test1" name="Test1" time="2.868"/>
  <testcase classname="mayankaggarwal.Test1" name="OrderHistoryTest" time="0.0">
    <ignored/>
  </testcase> <!-- OrderHistoryTest -->
</testsuite> <!-- Default test -->
