<?xml version="1.0" encoding="UTF-8"?>
<!-- Generated by org.testng.reporters.JUnitXMLReporter -->
<testsuite ignored="0" hostname="LAPTOP-92M9DVP7" failures="1" tests="3" name="Test2" time="11.123" errors="0" timestamp="2025-03-28T00:30:21 IST">
  <testcase classname="mayankaggarwal.Test2" name="Test1" time="0.581">
    <skipped/>
  </testcase> <!-- Test1 -->
  <testcase classname="mayankaggarwal.Test2" name="Test1" time="0.481">
    <failure type="java.lang.AssertionError" message="expected [Incorrect email or password.] but found [Incorrect email  password.]">
      <![CDATA[java.lang.AssertionError: expected [Incorrect email or password.] but found [Incorrect email  password.]
at mayankaggarwal.Test2.Test1(Test2.java:28)
at java.base/java.util.ArrayList.forEach(ArrayList.java:1596)
at java.base/java.util.concurrent.FutureTask.run(FutureTask.java:317)
at java.base/java.util.concurrent.ThreadPoolExecutor.runWorker(ThreadPoolExecutor.java:1144)
at java.base/java.util.concurrent.ThreadPoolExecutor$Worker.run(ThreadPoolExecutor.java:642)
at java.base/java.lang.Thread.run(Thread.java:1583)
... Removed 21 stack frames]]>
    </failure>
  </testcase> <!-- Test1 -->
  <testcase classname="mayankaggarwal.Test2" name="Test11" time="2.231"/>
</testsuite> <!-- Test2 -->
