<?xml version="1.0" encoding="UTF-8"?>
<!-- Generated by org.testng.reporters.JUnitXMLReporter -->
<testsuite ignored="0" hostname="LAPTOP-92M9DVP7" failures="0" tests="3" name="Test 1" time="16.017" errors="0" timestamp="2025-03-28T00:30:26 IST">
  <testcase classname="mayankaggarwal.Test1" name="Test1" time="3.168"/>
  <testcase classname="mayankaggarwal.Test1" name="Test1" time="3.185"/>
  <testcase classname="mayankaggarwal.Test1" name="OrderHistoryTest" time="0.54"/>
</testsuite> <!-- Test 1 -->
