<?xml version="1.0" encoding="UTF-8"?>
<!-- Generated by org.testng.reporters.JUnitXMLReporter -->
<testsuite ignored="0" hostname="LAPTOP-92M9DVP7" failures="0" tests="3" name="Test 1" time="21.856" errors="0" timestamp="2025-03-28T23:53:04 IST">
  <testcase classname="mayankaggarwal.Test1" name="Test1" time="5.085"/>
  <testcase classname="mayankaggarwal.Test1" name="Test1" time="4.171"/>
  <testcase classname="mayankaggarwal.Test1" name="OrderHistoryTest" time="0.629"/>
</testsuite> <!-- Test 1 -->
