<?xml version="1.0" encoding="UTF-8"?>
<testng-results ignored="0" total="5" passed="5" failed="0" skipped="0">
  <reporter-output>
  </reporter-output>
  <suite started-at="2025-03-28T23:52:42 IST" name="Suite" finished-at="2025-03-28T23:53:04 IST" duration-ms="21856">
    <groups>
      <group name="Purchase">
        <method signature="Test1.Test1(java.util.HashMap)[pri:0, instance:mayankaggarwal.Test1@7d900ecf]" name="Test1" class="mayankaggarwal.Test1"/>
      </group> <!-- Purchase -->
      <group name="ErrorH">
        <method signature="Test2.Test1()[pri:0, instance:mayankaggarwal.Test2@7486b455]" name="Test1" class="mayankaggarwal.Test2"/>
      </group> <!-- ErrorH -->
    </groups>
    <test started-at="2025-03-28T23:52:42 IST" name="Test2" finished-at="2025-03-28T23:52:56 IST" duration-ms="14782">
      <class name="mayankaggarwal.Test2">
        <test-method is-config="true" signature="launchApplication()[pri:0, instance:mayankaggarwal.Test2@7486b455]" started-at="2025-03-28T23:52:42 IST" name="launchApplication" finished-at="2025-03-28T23:52:47 IST" duration-ms="5600" status="PASS">
          <reporter-output>
          </reporter-output>
        </test-method> <!-- launchApplication -->
        <test-method signature="Test1()[pri:0, instance:mayankaggarwal.Test2@7486b455]" started-at="2025-03-28T23:52:47 IST" name="Test1" finished-at="2025-03-28T23:52:48 IST" duration-ms="998" status="PASS">
          <reporter-output>
          </reporter-output>
        </test-method> <!-- Test1 -->
        <test-method is-config="true" signature="close()[pri:0, instance:mayankaggarwal.Test2@7486b455]" started-at="2025-03-28T23:52:48 IST" name="close" finished-at="2025-03-28T23:52:48 IST" duration-ms="182" status="PASS">
          <reporter-output>
          </reporter-output>
        </test-method> <!-- close -->
        <test-method is-config="true" signature="launchApplication()[pri:0, instance:mayankaggarwal.Test2@7486b455]" started-at="2025-03-28T23:52:49 IST" name="launchApplication" finished-at="2025-03-28T23:52:53 IST" duration-ms="4363" status="PASS">
          <reporter-output>
          </reporter-output>
        </test-method> <!-- launchApplication -->
        <test-method signature="Test11()[pri:0, instance:mayankaggarwal.Test2@7486b455]" started-at="2025-03-28T23:52:53 IST" name="Test11" finished-at="2025-03-28T23:52:56 IST" duration-ms="3388" status="PASS">
          <reporter-output>
          </reporter-output>
        </test-method> <!-- Test11 -->
        <test-method is-config="true" signature="close()[pri:0, instance:mayankaggarwal.Test2@7486b455]" started-at="2025-03-28T23:52:56 IST" name="close" finished-at="2025-03-28T23:52:56 IST" duration-ms="163" status="PASS">
          <reporter-output>
          </reporter-output>
        </test-method> <!-- close -->
      </class> <!-- mayankaggarwal.Test2 -->
    </test> <!-- Test2 -->
    <test started-at="2025-03-28T23:52:42 IST" name="Test 1" finished-at="2025-03-28T23:53:04 IST" duration-ms="21856">
      <class name="mayankaggarwal.Test1">
        <test-method is-config="true" signature="launchApplication()[pri:0, instance:mayankaggarwal.Test1@7d900ecf]" started-at="2025-03-28T23:52:42 IST" name="launchApplication" finished-at="2025-03-28T23:52:48 IST" duration-ms="5706" status="PASS">
          <reporter-output>
          </reporter-output>
        </test-method> <!-- launchApplication -->
        <test-method signature="Test1(java.util.HashMap)[pri:0, instance:mayankaggarwal.Test1@7d900ecf]" started-at="2025-03-28T23:52:48 IST" name="Test1" data-provider="getData" finished-at="2025-03-28T23:52:53 IST" duration-ms="5085" status="PASS">
          <params>
            <param index="0">
              <value>
                <![CDATA[{password=Lucifer@98, email=luciferwalker@gmail.com, productName=ZARA COAT 3}]]>
              </value>
            </param>
          </params>
          <reporter-output>
          </reporter-output>
        </test-method> <!-- Test1 -->
        <test-method is-config="true" signature="close()[pri:0, instance:mayankaggarwal.Test1@7d900ecf]" started-at="2025-03-28T23:52:53 IST" name="close" finished-at="2025-03-28T23:52:53 IST" duration-ms="251" status="PASS">
          <reporter-output>
          </reporter-output>
        </test-method> <!-- close -->
        <test-method is-config="true" signature="launchApplication()[pri:0, instance:mayankaggarwal.Test1@7d900ecf]" started-at="2025-03-28T23:52:53 IST" name="launchApplication" finished-at="2025-03-28T23:52:56 IST" duration-ms="2819" status="PASS">
          <reporter-output>
          </reporter-output>
        </test-method> <!-- launchApplication -->
        <test-method signature="Test1(java.util.HashMap)[pri:0, instance:mayankaggarwal.Test1@7d900ecf]" started-at="2025-03-28T23:52:56 IST" name="Test1" data-provider="getData" finished-at="2025-03-28T23:53:00 IST" duration-ms="4171" status="PASS">
          <params>
            <param index="0">
              <value>
                <![CDATA[{password=Lucifer@98, email=luciferwalke@gmail.com, productName=ADIDAS ORIGINAL}]]>
              </value>
            </param>
          </params>
          <reporter-output>
          </reporter-output>
        </test-method> <!-- Test1 -->
        <test-method is-config="true" signature="close()[pri:0, instance:mayankaggarwal.Test1@7d900ecf]" started-at="2025-03-28T23:53:00 IST" name="close" finished-at="2025-03-28T23:53:00 IST" duration-ms="130" status="PASS">
          <reporter-output>
          </reporter-output>
        </test-method> <!-- close -->
        <test-method is-config="true" signature="launchApplication()[pri:0, instance:mayankaggarwal.Test1@7d900ecf]" started-at="2025-03-28T23:53:00 IST" name="launchApplication" finished-at="2025-03-28T23:53:03 IST" duration-ms="2649" status="PASS">
          <reporter-output>
          </reporter-output>
        </test-method> <!-- launchApplication -->
        <test-method signature="OrderHistoryTest()[pri:0, instance:mayankaggarwal.Test1@7d900ecf]" started-at="2025-03-28T23:53:03 IST" name="OrderHistoryTest" finished-at="2025-03-28T23:53:03 IST" depends-on-methods="mayankaggarwal.Test1.Test1" duration-ms="629" status="PASS">
          <reporter-output>
          </reporter-output>
        </test-method> <!-- OrderHistoryTest -->
        <test-method is-config="true" signature="close()[pri:0, instance:mayankaggarwal.Test1@7d900ecf]" started-at="2025-03-28T23:53:03 IST" name="close" finished-at="2025-03-28T23:53:04 IST" duration-ms="123" status="PASS">
          <reporter-output>
          </reporter-output>
        </test-method> <!-- close -->
      </class> <!-- mayankaggarwal.Test1 -->
    </test> <!-- Test 1 -->
  </suite> <!-- Suite -->
</testng-results>
